22:41:59 **** Incremental Build of configuration Debug for project Rev_Assignment1 ****
make all 
Building file: ../main.c
Invoking: AVR Compiler
avr-gcc -Wall -g2 -gstabs -O0 -fpack-struct -fshort-enums -ffunction-sections -fdata-sections -std=gnu99 -funsigned-char -funsigned-bitfields -mmcu=atmega32 -DF_CPU=8000000UL -MMD -MP -MF"main.d" -MT"main.o" -c -o "main.o" "../main.c"
In file included from ../main.c:7:
c:/users/20110/desktop/avr/embeddedsystem/tool/01- imt sdk/01- imt sdk/imt_sdk_win_64/imt_sdk_win_64/winavr/lib/gcc/../../avr/include/util/delay.h:90:3: warning: #warning "Compiler optimizations disabled; functions from <util/delay.h> won't work as designed"
../main.c:15: warning: return type of 'main' is not 'int'
Finished building: ../main.c
 
Building target: Rev_Assignment1.elf
Invoking: AVR C Linker
avr-gcc -Wl,-Map,Rev_Assignment1.map -mmcu=atmega32 -o "Rev_Assignment1.elf"  ./Source/Button.o ./Source/Buzzer.o ./Source/seven_segments.o  ./main.o   
Finished building target: Rev_Assignment1.elf
 
Invoking: AVR Create Extended Listing
avr-objdump -h -S Rev_Assignment1.elf  >"Rev_Assignment1.lss"
Finished building: Rev_Assignment1.lss
 
Create Flash image (ihex format)
avr-objcopy -R .eeprom -R .fuse -R .lock -R .signature -O ihex Rev_Assignment1.elf  "Rev_Assignment1.hex"
Finished building: Rev_Assignment1.hex
 
Invoking: Print Size
avr-size --format=avr --mcu=atmega32 Rev_Assignment1.elf
AVR Memory Usage
----------------
Device: atmega32

Program:    7624 bytes (23.3% Full)
(.text + .data + .bootloader)

Data:         18 bytes (0.9% Full)
(.data + .bss + .noinit)


Finished building: sizedummy
 

22:42:00 Build Finished (took 1s.140ms)

