18:35:40 **** Build of configuration Debug for project Rev_Led_animation ****
make all 
Building file: ../main.c
Invoking: AVR Compiler
avr-gcc -Wall -g2 -gstabs -O0 -fpack-struct -fshort-enums -ffunction-sections -fdata-sections -std=gnu99 -funsigned-char -funsigned-bitfields -mmcu=atmega32 -DF_CPU=8000000UL -MMD -MP -MF"main.d" -MT"main.o" -c -o "main.o" "../main.c"
In file included from ../main.c:7:
c:/users/20110/desktop/avr/embeddedsystem/tool/01- imt sdk/01- imt sdk/imt_sdk_win_64/imt_sdk_win_64/winavr/lib/gcc/../../avr/include/util/delay.h:90:3: warning: #warning "Compiler optimizations disabled; functions from <util/delay.h> won't work as designed"
../main.c:14: warning: return type of 'main' is not 'int'
Finished building: ../main.c
 
Building target: Rev_Led_animation.elf
Invoking: AVR C Linker
avr-gcc -Wl,-Map,Rev_Led_animation.map -mmcu=atmega32 -o "Rev_Led_animation.elf"  ./main.o   
Finished building target: Rev_Led_animation.elf
 
Invoking: AVR Create Extended Listing
avr-objdump -h -S Rev_Led_animation.elf  >"Rev_Led_animation.lss"
Finished building: Rev_Led_animation.lss
 
Create Flash image (ihex format)
avr-objcopy -R .eeprom -R .fuse -R .lock -R .signature -O ihex Rev_Led_animation.elf  "Rev_Led_animation.hex"
Finished building: Rev_Led_animation.hex
 
Invoking: Print Size
avr-size --format=avr --mcu=atmega32 Rev_Led_animation.elf
AVR Memory Usage
----------------
Device: atmega32

Program:    3378 bytes (10.3% Full)
(.text + .data + .bootloader)

Data:         16 bytes (0.8% Full)
(.data + .bss + .noinit)


Finished building: sizedummy
 

18:35:42 Build Finished (took 2s.745ms)

