15:44:20 **** Incremental Build of configuration Debug for project Task2_Buzzer ****
make all 
Building file: ../main.c
Invoking: AVR Compiler
avr-gcc -Wall -g2 -gstabs -O0 -fpack-struct -fshort-enums -ffunction-sections -fdata-sections -std=gnu99 -funsigned-char -funsigned-bitfields -mmcu=atmega32 -DF_CPU=8000000UL -MMD -MP -MF"main.d" -MT"main.o" -c -o "main.o" "../main.c"
In file included from ../main.c:7:
c:/users/20110/desktop/avr/embeddedsystem/tool/01- imt sdk/01- imt sdk/imt_sdk_win_64/imt_sdk_win_64/winavr/lib/gcc/../../avr/include/util/delay.h:90:3: warning: #warning "Compiler optimizations disabled; functions from <util/delay.h> won't work as designed"
../main.c:13: warning: return type of 'main' is not 'int'
Finished building: ../main.c
 
Building target: Task2_Buzzer.elf
Invoking: AVR C Linker
avr-gcc -Wl,-Map,Task2_Buzzer.map -mmcu=atmega32 -o "Task2_Buzzer.elf"  ./Source/Buzzer.o  ./main.o   
Finished building target: Task2_Buzzer.elf
 
Invoking: AVR Create Extended Listing
avr-objdump -h -S Task2_Buzzer.elf  >"Task2_Buzzer.lss"
Finished building: Task2_Buzzer.lss
 
Create Flash image (ihex format)
avr-objcopy -R .eeprom -R .fuse -R .lock -R .signature -O ihex Task2_Buzzer.elf  "Task2_Buzzer.hex"
Finished building: Task2_Buzzer.hex
 
Invoking: Print Size
avr-size --format=avr --mcu=atmega32 Task2_Buzzer.elf
AVR Memory Usage
----------------
Device: atmega32

Program:    4342 bytes (13.3% Full)
(.text + .data + .bootloader)

Data:        264 bytes (12.9% Full)
(.data + .bss + .noinit)


Finished building: sizedummy
 

15:44:21 Build Finished (took 558ms)

